c:\users\david\documents\visual studio 2017\projects\consoleapplication1\consoleapplication1\debug\consoleapplication1.pch
c:\users\david\documents\visual studio 2017\projects\consoleapplication1\consoleapplication1\debug\vc141.pdb
c:\users\david\documents\visual studio 2017\projects\consoleapplication1\consoleapplication1\debug\vc141.idb
c:\users\david\documents\visual studio 2017\projects\consoleapplication1\consoleapplication1\debug\stdafx.obj
c:\users\david\documents\visual studio 2017\projects\consoleapplication1\consoleapplication1\debug\consoleapplication1.obj
c:\users\david\documents\visual studio 2017\projects\consoleapplication1\consoleapplication1\debug\labshell.obj
c:\users\david\desktop\spring courses downloaded from site\2019\data structures 2019\lab1shell for online_students rev 2019_01\consoleapplication1\debug\consoleapplication1.pch
c:\users\david\desktop\spring courses downloaded from site\2019\data structures 2019\lab1shell for online_students rev 2019_01\consoleapplication1\debug\vc141.pdb
c:\users\david\desktop\spring courses downloaded from site\2019\data structures 2019\lab1shell for online_students rev 2019_01\consoleapplication1\debug\vc141.idb
c:\users\david\desktop\spring courses downloaded from site\2019\data structures 2019\lab1shell for online_students rev 2019_01\consoleapplication1\debug\stdafx.obj
c:\users\david\desktop\spring courses downloaded from site\2019\data structures 2019\lab1shell for online_students rev 2019_01\consoleapplication1\debug\labshell.obj
c:\users\david\desktop\spring courses downloaded from site\2019\data structures 2019\lab1shell for online_students rev 2019_01\consoleapplication1\debug\consoleapplication1.obj
c:\users\david\documents\visual studio 2017\projects\consoleapplication1\debug\consoleapplication1.ilk
c:\users\david\documents\visual studio 2017\projects\consoleapplication1\debug\consoleapplication1.exe
c:\users\david\documents\visual studio 2017\projects\consoleapplication1\debug\consoleapplication1.pdb
c:\users\david\desktop\spring courses downloaded from site\2019\data structures 2019\lab1shell for online_students rev 2019_01\debug\consoleapplication1.exe
c:\users\david\desktop\spring courses downloaded from site\2019\data structures 2019\lab1shell for online_students rev 2019_01\debug\consoleapplication1.ilk
c:\users\david\desktop\spring courses downloaded from site\2019\data structures 2019\lab1shell for online_students rev 2019_01\debug\consoleapplication1.pdb
c:\users\david\desktop\ltu 2022\lab1shell for online_students rev 2019_01-1\lab1shell for online_students rev 2019_01\consoleapplication1\debug\consoleapplication1.obj
c:\users\david\desktop\ltu 2022\lab1shell for online_students rev 2019_01-1\lab1shell for online_students rev 2019_01\consoleapplication1\debug\labshell.obj
c:\users\david\desktop\ltu 2022\lab1shell for online_students rev 2019_01-1\lab1shell for online_students rev 2019_01\consoleapplication1\debug\stdafx.obj
c:\users\david\desktop\ltu 2022\lab1shell for online_students rev 2019_01-1\lab1shell for online_students rev 2019_01\consoleapplication1\debug\consoleapplication1.pch
c:\users\david\desktop\ltu 2022\lab1shell for online_students rev 2019_01-1\lab1shell for online_students rev 2019_01\consoleapplication1\debug\vc141.idb
c:\users\david\desktop\ltu 2022\lab1shell for online_students rev 2019_01-1\lab1shell for online_students rev 2019_01\consoleapplication1\debug\vc141.pdb
c:\users\david\desktop\ltu 2022\lab1shell for online_students rev 2019_01-1\lab1shell for online_students rev 2019_01\debug\consoleapplication1.pdb
c:\users\david\desktop\ltu 2022\lab1shell for online_students rev 2019_01-1\lab1shell for online_students rev 2019_01\debug\consoleapplication1.exe
c:\users\david\desktop\ltu 2022\lab1shell for online_students rev 2019_01-1\lab1shell for online_students rev 2019_01\debug\consoleapplication1.ilk
c:\users\david\desktop\ltu 2022\lab1shell for online_students rev 2019_01-1\lab1shell for online_students rev 2019_01\consoleapplication1\debug\consolea.74b7b598.tlog\cl.command.1.tlog
c:\users\david\desktop\ltu 2022\lab1shell for online_students rev 2019_01-1\lab1shell for online_students rev 2019_01\consoleapplication1\debug\consolea.74b7b598.tlog\cl.read.1.tlog
c:\users\david\desktop\ltu 2022\lab1shell for online_students rev 2019_01-1\lab1shell for online_students rev 2019_01\consoleapplication1\debug\consolea.74b7b598.tlog\cl.write.1.tlog
c:\users\david\desktop\ltu 2022\lab1shell for online_students rev 2019_01-1\lab1shell for online_students rev 2019_01\consoleapplication1\debug\consolea.74b7b598.tlog\link.command.1.tlog
c:\users\david\desktop\ltu 2022\lab1shell for online_students rev 2019_01-1\lab1shell for online_students rev 2019_01\consoleapplication1\debug\consolea.74b7b598.tlog\link.read.1.tlog
c:\users\david\desktop\ltu 2022\lab1shell for online_students rev 2019_01-1\lab1shell for online_students rev 2019_01\consoleapplication1\debug\consolea.74b7b598.tlog\link.write.1.tlog
